<?xml version="1.0" encoding="UTF-8"?>
<testsuites>
  <testsuite name="TestSuite" tests="2" failures="1" time="1.5" timestamp="2025-01-01T00:00:00">
    <testcase name="testPass" classname="com.example.TestClass" time="1.0"/>
    <testcase name="testFail" classname="com.example.TestClass" time="0.5">
      <failure message="Assertion failed">Expected true, got false</failure>
    </testcase>
  </testsuite>
</testsuites>
<?xml version="1.0" encoding="UTF-8"?>
<testsuite name="TestSuite" tests="3" failures="1" skipped="1" time="1.5" timestamp="2025-01-01T00:00:00">
  <testcase name="testPass" classname="com.example.TestClass" time="1.0"/>
  <testcase name="testFail" classname="com.example.TestClass" time="0.5">
    <failure message="Assertion failed">Expected true, got false</failure>
  </testcase>
  <testcase name="testSkip" classname="com.example.TestClass" time="0.0">
    <skipped/>
  </testcase>
</testsuite>







